2014/11/23 18:46:28 [error] [exception.CDbException] exception 'CDbException' with message 'CDbConnection failed to open the DB connection: SQLSTATE[28000] [1045] Access denied for user 'root'@'localhost' (using password: NO)' in /home/misha/projects/toyota/vendor/yiisoft/yii/framework/db/CDbConnection.php:382
Stack trace:
#0 /home/misha/projects/toyota/vendor/yiisoft/yii/framework/db/CDbConnection.php(330): CDbConnection->open()
#1 /home/misha/projects/toyota/vendor/yiisoft/yii/framework/db/CDbConnection.php(308): CDbConnection->setActive(true)
#2 /home/misha/projects/toyota/vendor/yiisoft/yii/framework/base/CModule.php(387): CDbConnection->init()
#3 /home/misha/projects/toyota/vendor/yiisoft/yii/framework/base/CApplication.php(450): CModule->getComponent('db')
#4 /home/misha/projects/toyota/vendor/yiisoft/yii/framework/db/ar/CActiveRecord.php(634): CApplication->getDb()
#5 /home/misha/projects/toyota/vendor/yiisoft/yii/framework/db/ar/CActiveRecord.php(2361): CActiveRecord->getDbConnection()
#6 /home/misha/projects/toyota/vendor/yiisoft/yii/framework/db/ar/CActiveRecord.php(411): CActiveRecordMetaData->__construct(Object(Models))
#7 /home/misha/projects/toyota/vendor/yiisoft/yii/framework/db/ar/CActiveRecord.php(79): CActiveRecord->getMetaData()
#8 /home/misha/projects/toyota/public/protected/controllers/SiteController.php(15): CActiveRecord->__construct()
#9 /home/misha/projects/toyota/vendor/yiisoft/yii/framework/web/actions/CInlineAction.php(49): SiteController->actionIndex()
#10 /home/misha/projects/toyota/vendor/yiisoft/yii/framework/web/CController.php(308): CInlineAction->runWithParams(Array)
#11 /home/misha/projects/toyota/vendor/yiisoft/yii/framework/web/CController.php(286): CController->runAction(Object(CInlineAction))
#12 /home/misha/projects/toyota/vendor/yiisoft/yii/framework/web/CController.php(265): CController->runActionWithFilters(Object(CInlineAction), Array)
#13 /home/misha/projects/toyota/vendor/yiisoft/yii/framework/web/CWebApplication.php(282): CController->run('')
#14 /home/misha/projects/toyota/vendor/yiisoft/yii/framework/web/CWebApplication.php(141): CWebApplication->runController('')
#15 /home/misha/projects/toyota/vendor/yiisoft/yii/framework/base/CApplication.php(180): CWebApplication->processRequest()
#16 /home/misha/projects/toyota/public/index.php(13): CApplication->run()
#17 {main}
REQUEST_URI=/
---
2014/11/23 18:47:12 [error] [system.db.CDbCommand] CDbCommand::fetchAll() failed: SQLSTATE[42S02]: Base table or view not found: 1146 Table 'toyota.models' doesn't exist. The SQL statement executed was: SHOW FULL COLUMNS FROM `models`.
in /home/misha/projects/toyota/public/protected/controllers/SiteController.php (15)
in /home/misha/projects/toyota/public/index.php (13)
2014/11/23 18:47:12 [error] [exception.CDbException] exception 'CDbException' with message 'The table "models" for active record class "Models" cannot be found in the database.' in /home/misha/projects/toyota/vendor/yiisoft/yii/framework/db/ar/CActiveRecord.php:2362
Stack trace:
#0 /home/misha/projects/toyota/vendor/yiisoft/yii/framework/db/ar/CActiveRecord.php(411): CActiveRecordMetaData->__construct(Object(Models))
#1 /home/misha/projects/toyota/vendor/yiisoft/yii/framework/db/ar/CActiveRecord.php(79): CActiveRecord->getMetaData()
#2 /home/misha/projects/toyota/public/protected/controllers/SiteController.php(15): CActiveRecord->__construct()
#3 /home/misha/projects/toyota/vendor/yiisoft/yii/framework/web/actions/CInlineAction.php(49): SiteController->actionIndex()
#4 /home/misha/projects/toyota/vendor/yiisoft/yii/framework/web/CController.php(308): CInlineAction->runWithParams(Array)
#5 /home/misha/projects/toyota/vendor/yiisoft/yii/framework/web/CController.php(286): CController->runAction(Object(CInlineAction))
#6 /home/misha/projects/toyota/vendor/yiisoft/yii/framework/web/CController.php(265): CController->runActionWithFilters(Object(CInlineAction), Array)
#7 /home/misha/projects/toyota/vendor/yiisoft/yii/framework/web/CWebApplication.php(282): CController->run('')
#8 /home/misha/projects/toyota/vendor/yiisoft/yii/framework/web/CWebApplication.php(141): CWebApplication->runController('')
#9 /home/misha/projects/toyota/vendor/yiisoft/yii/framework/base/CApplication.php(180): CWebApplication->processRequest()
#10 /home/misha/projects/toyota/public/index.php(13): CApplication->run()
#11 {main}
REQUEST_URI=/
---
2014/11/23 18:47:32 [error] [exception.CException] exception 'CException' with message 'CAssetManager.basePath "/home/misha/projects/toyota/public/assets" is invalid. Please make sure the directory exists and is writable by the Web server process.' in /home/misha/projects/toyota/vendor/yiisoft/yii/framework/web/CAssetManager.php:138
Stack trace:
#0 /home/misha/projects/toyota/vendor/yiisoft/yii/framework/web/CAssetManager.php(123): CAssetManager->setBasePath('/home/misha/pro...')
#1 /home/misha/projects/toyota/vendor/yiisoft/yii/framework/web/CAssetManager.php(217): CAssetManager->getBasePath()
#2 /home/misha/projects/toyota/vendor/yiisoft/yii/framework/web/CClientScript.php(510): CAssetManager->publish('/home/misha/pro...')
#3 /home/misha/projects/toyota/vendor/yiisoft/yii/framework/web/CClientScript.php(547): CClientScript->getCoreScriptUrl()
#4 /home/misha/projects/toyota/vendor/yiisoft/yii/framework/web/CClientScript.php(348): CClientScript->getPackageBaseUrl('jquery')
#5 /home/misha/projects/toyota/vendor/yiisoft/yii/framework/web/CClientScript.php(208): CClientScript->renderCoreScripts()
#6 /home/misha/projects/toyota/vendor/yiisoft/yii/framework/web/CController.php(351): CClientScript->render('<!DOCTYPE html ...')
#7 /home/misha/projects/toyota/vendor/yiisoft/yii/framework/web/CController.php(788): CController->processOutput('<!DOCTYPE html ...')
#8 /home/misha/projects/toyota/public/protected/controllers/SiteController.php(23): CController->render('vybor_regiona', Array)
#9 /home/misha/projects/toyota/vendor/yiisoft/yii/framework/web/actions/CInlineAction.php(49): SiteController->actionIndex()
#10 /home/misha/projects/toyota/vendor/yiisoft/yii/framework/web/CController.php(308): CInlineAction->runWithParams(Array)
#11 /home/misha/projects/toyota/vendor/yiisoft/yii/framework/web/CController.php(286): CController->runAction(Object(CInlineAction))
#12 /home/misha/projects/toyota/vendor/yiisoft/yii/framework/web/CController.php(265): CController->runActionWithFilters(Object(CInlineAction), Array)
#13 /home/misha/projects/toyota/vendor/yiisoft/yii/framework/web/CWebApplication.php(282): CController->run('')
#14 /home/misha/projects/toyota/vendor/yiisoft/yii/framework/web/CWebApplication.php(141): CWebApplication->runController('')
#15 /home/misha/projects/toyota/vendor/yiisoft/yii/framework/base/CApplication.php(180): CWebApplication->processRequest()
#16 /home/misha/projects/toyota/public/index.php(13): CApplication->run()
#17 {main}
REQUEST_URI=/
---
2014/11/23 18:48:03 [error] [system.db.CDbCommand] CDbCommand::fetchAll() failed: SQLSTATE[42S02]: Base table or view not found: 1146 Table 'toyota.model_codes' doesn't exist. The SQL statement executed was: SHOW FULL COLUMNS FROM `model_codes`.
in /home/misha/projects/toyota/public/protected/controllers/SiteController.php (48)
in /home/misha/projects/toyota/public/index.php (13)
2014/11/23 18:48:03 [error] [exception.CDbException] exception 'CDbException' with message 'The table "model_codes" for active record class "ModelCodes" cannot be found in the database.' in /home/misha/projects/toyota/vendor/yiisoft/yii/framework/db/ar/CActiveRecord.php:2362
Stack trace:
#0 /home/misha/projects/toyota/vendor/yiisoft/yii/framework/db/ar/CActiveRecord.php(411): CActiveRecordMetaData->__construct(Object(ModelCodes))
#1 /home/misha/projects/toyota/vendor/yiisoft/yii/framework/db/ar/CActiveRecord.php(79): CActiveRecord->getMetaData()
#2 /home/misha/projects/toyota/public/protected/controllers/SiteController.php(48): CActiveRecord->__construct()
#3 [internal function]: SiteController->actionModelCodes('EU', 'B2', '671440', '4-RUNNER TRUCK')
#4 /home/misha/projects/toyota/vendor/yiisoft/yii/framework/web/actions/CAction.php(108): ReflectionMethod->invokeArgs(Object(SiteController), Array)
#5 /home/misha/projects/toyota/vendor/yiisoft/yii/framework/web/actions/CInlineAction.php(47): CAction->runWithParamsInternal(Object(SiteController), Object(ReflectionMethod), Array)
#6 /home/misha/projects/toyota/vendor/yiisoft/yii/framework/web/CController.php(308): CInlineAction->runWithParams(Array)
#7 /home/misha/projects/toyota/vendor/yiisoft/yii/framework/web/CController.php(286): CController->runAction(Object(CInlineAction))
#8 /home/misha/projects/toyota/vendor/yiisoft/yii/framework/web/CController.php(265): CController->runActionWithFilters(Object(CInlineAction), Array)
#9 /home/misha/projects/toyota/vendor/yiisoft/yii/framework/web/CWebApplication.php(282): CController->run('modelcodes')
#10 /home/misha/projects/toyota/vendor/yiisoft/yii/framework/web/CWebApplication.php(141): CWebApplication->runController('site/modelcodes')
#11 /home/misha/projects/toyota/vendor/yiisoft/yii/framework/base/CApplication.php(180): CWebApplication->processRequest()
#12 /home/misha/projects/toyota/public/index.php(13): CApplication->run()
#13 {main}
REQUEST_URI=/index.php/site/modelcodes?catalog=EU&cd=B2&catalogCode=671440&modelName=4-RUNNER+TRUCK
HTTP_REFERER=http://toyota.dev/index.php/site/modelnames?catalog=EU
---
2014/11/23 18:48:44 [error] [system.db.CDbCommand] CDbCommand::fetchAll() failed: SQLSTATE[42S02]: Base table or view not found: 1146 Table 'toyota.part_codes' doesn't exist. The SQL statement executed was: SHOW FULL COLUMNS FROM `part_codes`.
in /home/misha/projects/toyota/public/protected/controllers/SiteController.php (88)
in /home/misha/projects/toyota/public/index.php (13)
2014/11/23 18:48:44 [error] [exception.CDbException] exception 'CDbException' with message 'The table "part_codes" for active record class "PartCodes" cannot be found in the database.' in /home/misha/projects/toyota/vendor/yiisoft/yii/framework/db/ar/CActiveRecord.php:2362
Stack trace:
#0 /home/misha/projects/toyota/vendor/yiisoft/yii/framework/db/ar/CActiveRecord.php(411): CActiveRecordMetaData->__construct(Object(PartCodes))
#1 /home/misha/projects/toyota/vendor/yiisoft/yii/framework/db/ar/CActiveRecord.php(79): CActiveRecord->getMetaData()
#2 /home/misha/projects/toyota/public/protected/controllers/SiteController.php(88): CActiveRecord->__construct()
#3 [internal function]: SiteController->actionSubGroups('EU', '671440', 'B2', '4-RUNNER TRUCK', 'LN51L-KRA', '1')
#4 /home/misha/projects/toyota/vendor/yiisoft/yii/framework/web/actions/CAction.php(108): ReflectionMethod->invokeArgs(Object(SiteController), Array)
#5 /home/misha/projects/toyota/vendor/yiisoft/yii/framework/web/actions/CInlineAction.php(47): CAction->runWithParamsInternal(Object(SiteController), Object(ReflectionMethod), Array)
#6 /home/misha/projects/toyota/vendor/yiisoft/yii/framework/web/CController.php(308): CInlineAction->runWithParams(Array)
#7 /home/misha/projects/toyota/vendor/yiisoft/yii/framework/web/CController.php(286): CController->runAction(Object(CInlineAction))
#8 /home/misha/projects/toyota/vendor/yiisoft/yii/framework/web/CController.php(265): CController->runActionWithFilters(Object(CInlineAction), Array)
#9 /home/misha/projects/toyota/vendor/yiisoft/yii/framework/web/CWebApplication.php(282): CController->run('subgroups')
#10 /home/misha/projects/toyota/vendor/yiisoft/yii/framework/web/CWebApplication.php(141): CWebApplication->runController('site/subgroups')
#11 /home/misha/projects/toyota/vendor/yiisoft/yii/framework/base/CApplication.php(180): CWebApplication->processRequest()
#12 /home/misha/projects/toyota/public/index.php(13): CApplication->run()
#13 {main}
REQUEST_URI=/index.php/site/subgroups?catalog=EU&cd=B2&catalogCode=671440&modelName=4-RUNNER+TRUCK&modelCode=LN51L-KRA&groupNumber=1
HTTP_REFERER=http://toyota.dev/index.php/site/groups?catalog=EU&cd=B2&catalogCode=671440&modelName=4-RUNNER+TRUCK&modelCode=LN51L-KRA
---
2014/11/23 18:52:07 [error] [system.db.CDbCommand] CDbCommand::fetchAll() failed: SQLSTATE[42S02]: Base table or view not found: 1146 Table 'toyota.part_groups' doesn't exist. The SQL statement executed was: SHOW FULL COLUMNS FROM `part_groups`.
in /home/misha/projects/toyota/public/protected/models/PartCodes.php (115)
in /home/misha/projects/toyota/public/protected/controllers/SiteController.php (90)
in /home/misha/projects/toyota/public/index.php (13)
2014/11/23 18:52:07 [error] [exception.CDbException] exception 'CDbException' with message 'The table "part_groups" for active record class "PartGroups" cannot be found in the database.' in /home/misha/projects/toyota/vendor/yiisoft/yii/framework/db/ar/CActiveRecord.php:2362
Stack trace:
#0 /home/misha/projects/toyota/vendor/yiisoft/yii/framework/db/ar/CActiveRecord.php(411): CActiveRecordMetaData->__construct(Object(PartGroups))
#1 /home/misha/projects/toyota/vendor/yiisoft/yii/framework/db/ar/CActiveRecord.php(79): CActiveRecord->getMetaData()
#2 /home/misha/projects/toyota/public/protected/models/PartCodes.php(115): CActiveRecord->__construct()
#3 /home/misha/projects/toyota/public/protected/controllers/SiteController.php(90): PartCodes->getPartGroupsByCatalogCode('EU', '671440', 0, 2)
#4 [internal function]: SiteController->actionSubGroups('EU', '671440', 'B2', '4-RUNNER TRUCK', 'LN51L-KRA', '1')
#5 /home/misha/projects/toyota/vendor/yiisoft/yii/framework/web/actions/CAction.php(108): ReflectionMethod->invokeArgs(Object(SiteController), Array)
#6 /home/misha/projects/toyota/vendor/yiisoft/yii/framework/web/actions/CInlineAction.php(47): CAction->runWithParamsInternal(Object(SiteController), Object(ReflectionMethod), Array)
#7 /home/misha/projects/toyota/vendor/yiisoft/yii/framework/web/CController.php(308): CInlineAction->runWithParams(Array)
#8 /home/misha/projects/toyota/vendor/yiisoft/yii/framework/web/CController.php(286): CController->runAction(Object(CInlineAction))
#9 /home/misha/projects/toyota/vendor/yiisoft/yii/framework/web/CController.php(265): CController->runActionWithFilters(Object(CInlineAction), Array)
#10 /home/misha/projects/toyota/vendor/yiisoft/yii/framework/web/CWebApplication.php(282): CController->run('subgroups')
#11 /home/misha/projects/toyota/vendor/yiisoft/yii/framework/web/CWebApplication.php(141): CWebApplication->runController('site/subgroups')
#12 /home/misha/projects/toyota/vendor/yiisoft/yii/framework/base/CApplication.php(180): CWebApplication->processRequest()
#13 /home/misha/projects/toyota/public/index.php(13): CApplication->run()
#14 {main}
REQUEST_URI=/index.php/site/subgroups?catalog=EU&cd=B2&catalogCode=671440&modelName=4-RUNNER+TRUCK&modelCode=LN51L-KRA&groupNumber=1
HTTP_REFERER=http://toyota.dev/index.php/site/groups?catalog=EU&cd=B2&catalogCode=671440&modelName=4-RUNNER+TRUCK&modelCode=LN51L-KRA
---
2014/11/23 18:52:40 [error] [system.db.CDbCommand] CDbCommand::fetchAll() failed: SQLSTATE[42S02]: Base table or view not found: 1146 Table 'toyota.pncs' doesn't exist. The SQL statement executed was: SHOW FULL COLUMNS FROM `pncs`.
in /home/misha/projects/toyota/public/protected/models/PartCodes.php (139)
in /home/misha/projects/toyota/public/protected/controllers/SiteController.php (109)
in /home/misha/projects/toyota/public/index.php (13)
2014/11/23 18:52:40 [error] [exception.CDbException] exception 'CDbException' with message 'The table "pncs" for active record class "Pncs" cannot be found in the database.' in /home/misha/projects/toyota/vendor/yiisoft/yii/framework/db/ar/CActiveRecord.php:2362
Stack trace:
#0 /home/misha/projects/toyota/vendor/yiisoft/yii/framework/db/ar/CActiveRecord.php(411): CActiveRecordMetaData->__construct(Object(Pncs))
#1 /home/misha/projects/toyota/vendor/yiisoft/yii/framework/db/ar/CActiveRecord.php(79): CActiveRecord->getMetaData()
#2 /home/misha/projects/toyota/public/protected/models/PartCodes.php(139): CActiveRecord->__construct()
#3 /home/misha/projects/toyota/public/protected/controllers/SiteController.php(109): PartCodes->getPncs('EU', '671440', '0901')
#4 [internal function]: SiteController->actionPncs('EU', '671440', 'B2', '4-RUNNER TRUCK', 'LN51L-KRA', '1', '0901', '1')
#5 /home/misha/projects/toyota/vendor/yiisoft/yii/framework/web/actions/CAction.php(108): ReflectionMethod->invokeArgs(Object(SiteController), Array)
#6 /home/misha/projects/toyota/vendor/yiisoft/yii/framework/web/actions/CInlineAction.php(47): CAction->runWithParamsInternal(Object(SiteController), Object(ReflectionMethod), Array)
#7 /home/misha/projects/toyota/vendor/yiisoft/yii/framework/web/CController.php(308): CInlineAction->runWithParams(Array)
#8 /home/misha/projects/toyota/vendor/yiisoft/yii/framework/web/CController.php(286): CController->runAction(Object(CInlineAction))
#9 /home/misha/projects/toyota/vendor/yiisoft/yii/framework/web/CController.php(265): CController->runActionWithFilters(Object(CInlineAction), Array)
#10 /home/misha/projects/toyota/vendor/yiisoft/yii/framework/web/CWebApplication.php(282): CController->run('pncs')
#11 /home/misha/projects/toyota/vendor/yiisoft/yii/framework/web/CWebApplication.php(141): CWebApplication->runController('site/pncs')
#12 /home/misha/projects/toyota/vendor/yiisoft/yii/framework/base/CApplication.php(180): CWebApplication->processRequest()
#13 /home/misha/projects/toyota/public/index.php(13): CApplication->run()
#14 {main}
REQUEST_URI=/index.php/site/pncs?catalog=EU&cd=B2&catalogCode=671440&modelName=4-RUNNER+TRUCK&modelCode=LN51L-KRA&groupNumber=1&partGroup=0901&page=1
HTTP_REFERER=http://toyota.dev/index.php/site/subgroups?catalog=EU&cd=B2&catalogCode=671440&modelName=4-RUNNER+TRUCK&modelCode=LN51L-KRA&groupNumber=1
---
2014/11/23 18:53:39 [error] [system.db.CDbCommand] CDbCommand::fetchAll() failed: SQLSTATE[42S02]: Base table or view not found: 1146 Table 'toyota.part_catalog' doesn't exist. The SQL statement executed was: SHOW FULL COLUMNS FROM `part_catalog`.
in /home/misha/projects/toyota/public/protected/controllers/SiteController.php (115)
in /home/misha/projects/toyota/public/index.php (13)
2014/11/23 18:53:39 [error] [exception.CDbException] exception 'CDbException' with message 'The table "part_catalog" for active record class "PartCatalog" cannot be found in the database.' in /home/misha/projects/toyota/vendor/yiisoft/yii/framework/db/ar/CActiveRecord.php:2362
Stack trace:
#0 /home/misha/projects/toyota/vendor/yiisoft/yii/framework/db/ar/CActiveRecord.php(411): CActiveRecordMetaData->__construct(Object(PartCatalog))
#1 /home/misha/projects/toyota/vendor/yiisoft/yii/framework/db/ar/CActiveRecord.php(79): CActiveRecord->getMetaData()
#2 /home/misha/projects/toyota/public/protected/controllers/SiteController.php(115): CActiveRecord->__construct()
#3 [internal function]: SiteController->actionPncs('EU', '671440', 'B2', '4-RUNNER TRUCK', 'LN51L-KRA', '1', '0901', '1')
#4 /home/misha/projects/toyota/vendor/yiisoft/yii/framework/web/actions/CAction.php(108): ReflectionMethod->invokeArgs(Object(SiteController), Array)
#5 /home/misha/projects/toyota/vendor/yiisoft/yii/framework/web/actions/CInlineAction.php(47): CAction->runWithParamsInternal(Object(SiteController), Object(ReflectionMethod), Array)
#6 /home/misha/projects/toyota/vendor/yiisoft/yii/framework/web/CController.php(308): CInlineAction->runWithParams(Array)
#7 /home/misha/projects/toyota/vendor/yiisoft/yii/framework/web/CController.php(286): CController->runAction(Object(CInlineAction))
#8 /home/misha/projects/toyota/vendor/yiisoft/yii/framework/web/CController.php(265): CController->runActionWithFilters(Object(CInlineAction), Array)
#9 /home/misha/projects/toyota/vendor/yiisoft/yii/framework/web/CWebApplication.php(282): CController->run('pncs')
#10 /home/misha/projects/toyota/vendor/yiisoft/yii/framework/web/CWebApplication.php(141): CWebApplication->runController('site/pncs')
#11 /home/misha/projects/toyota/vendor/yiisoft/yii/framework/base/CApplication.php(180): CWebApplication->processRequest()
#12 /home/misha/projects/toyota/public/index.php(13): CApplication->run()
#13 {main}
REQUEST_URI=/index.php/site/pncs?catalog=EU&cd=B2&catalogCode=671440&modelName=4-RUNNER+TRUCK&modelCode=LN51L-KRA&groupNumber=1&partGroup=0901&page=1
HTTP_REFERER=http://toyota.dev/index.php/site/subgroups?catalog=EU&cd=B2&catalogCode=671440&modelName=4-RUNNER+TRUCK&modelCode=LN51L-KRA&groupNumber=1
---
2014/11/23 19:01:02 [error] [system.db.CDbCommand] CDbCommand::fetchAll() failed: SQLSTATE[42S02]: Base table or view not found: 1146 Table 'toyota.pg_pictures' doesn't exist. The SQL statement executed was: SHOW FULL COLUMNS FROM `pg_pictures`.
in /home/misha/projects/toyota/public/protected/controllers/SiteController.php (124)
in /home/misha/projects/toyota/public/index.php (13)
2014/11/23 19:01:02 [error] [exception.CDbException] exception 'CDbException' with message 'The table "pg_pictures" for active record class "PgPictures" cannot be found in the database.' in /home/misha/projects/toyota/vendor/yiisoft/yii/framework/db/ar/CActiveRecord.php:2362
Stack trace:
#0 /home/misha/projects/toyota/vendor/yiisoft/yii/framework/db/ar/CActiveRecord.php(411): CActiveRecordMetaData->__construct(Object(PgPictures))
#1 /home/misha/projects/toyota/vendor/yiisoft/yii/framework/db/ar/CActiveRecord.php(79): CActiveRecord->getMetaData()
#2 /home/misha/projects/toyota/public/protected/controllers/SiteController.php(124): CActiveRecord->__construct()
#3 [internal function]: SiteController->actionPncs('EU', '671440', 'B2', '4-RUNNER TRUCK', 'LN51L-KRA', '1', '0901', '1')
#4 /home/misha/projects/toyota/vendor/yiisoft/yii/framework/web/actions/CAction.php(108): ReflectionMethod->invokeArgs(Object(SiteController), Array)
#5 /home/misha/projects/toyota/vendor/yiisoft/yii/framework/web/actions/CInlineAction.php(47): CAction->runWithParamsInternal(Object(SiteController), Object(ReflectionMethod), Array)
#6 /home/misha/projects/toyota/vendor/yiisoft/yii/framework/web/CController.php(308): CInlineAction->runWithParams(Array)
#7 /home/misha/projects/toyota/vendor/yiisoft/yii/framework/web/CController.php(286): CController->runAction(Object(CInlineAction))
#8 /home/misha/projects/toyota/vendor/yiisoft/yii/framework/web/CController.php(265): CController->runActionWithFilters(Object(CInlineAction), Array)
#9 /home/misha/projects/toyota/vendor/yiisoft/yii/framework/web/CWebApplication.php(282): CController->run('pncs')
#10 /home/misha/projects/toyota/vendor/yiisoft/yii/framework/web/CWebApplication.php(141): CWebApplication->runController('site/pncs')
#11 /home/misha/projects/toyota/vendor/yiisoft/yii/framework/base/CApplication.php(180): CWebApplication->processRequest()
#12 /home/misha/projects/toyota/public/index.php(13): CApplication->run()
#13 {main}
REQUEST_URI=/index.php/site/pncs?catalog=EU&cd=B2&catalogCode=671440&modelName=4-RUNNER+TRUCK&modelCode=LN51L-KRA&groupNumber=1&partGroup=0901&page=1
HTTP_REFERER=http://toyota.dev/index.php/site/subgroups?catalog=EU&cd=B2&catalogCode=671440&modelName=4-RUNNER+TRUCK&modelCode=LN51L-KRA&groupNumber=1
---
2014/11/23 19:03:38 [error] [system.db.CDbCommand] CDbCommand::fetchAll() failed: SQLSTATE[42S02]: Base table or view not found: 1146 Table 'toyota.images' doesn't exist. The SQL statement executed was: SHOW FULL COLUMNS FROM `images`.
in /home/misha/projects/toyota/public/protected/controllers/SiteController.php (128)
in /home/misha/projects/toyota/public/index.php (13)
2014/11/23 19:03:38 [error] [exception.CDbException] exception 'CDbException' with message 'The table "images" for active record class "Images" cannot be found in the database.' in /home/misha/projects/toyota/vendor/yiisoft/yii/framework/db/ar/CActiveRecord.php:2362
Stack trace:
#0 /home/misha/projects/toyota/vendor/yiisoft/yii/framework/db/ar/CActiveRecord.php(411): CActiveRecordMetaData->__construct(Object(Images))
#1 /home/misha/projects/toyota/vendor/yiisoft/yii/framework/db/ar/CActiveRecord.php(79): CActiveRecord->getMetaData()
#2 /home/misha/projects/toyota/public/protected/controllers/SiteController.php(128): CActiveRecord->__construct()
#3 [internal function]: SiteController->actionPncs('EU', '671440', 'B2', '4-RUNNER TRUCK', 'LN51L-KRA', '1', '0901', '1')
#4 /home/misha/projects/toyota/vendor/yiisoft/yii/framework/web/actions/CAction.php(108): ReflectionMethod->invokeArgs(Object(SiteController), Array)
#5 /home/misha/projects/toyota/vendor/yiisoft/yii/framework/web/actions/CInlineAction.php(47): CAction->runWithParamsInternal(Object(SiteController), Object(ReflectionMethod), Array)
#6 /home/misha/projects/toyota/vendor/yiisoft/yii/framework/web/CController.php(308): CInlineAction->runWithParams(Array)
#7 /home/misha/projects/toyota/vendor/yiisoft/yii/framework/web/CController.php(286): CController->runAction(Object(CInlineAction))
#8 /home/misha/projects/toyota/vendor/yiisoft/yii/framework/web/CController.php(265): CController->runActionWithFilters(Object(CInlineAction), Array)
#9 /home/misha/projects/toyota/vendor/yiisoft/yii/framework/web/CWebApplication.php(282): CController->run('pncs')
#10 /home/misha/projects/toyota/vendor/yiisoft/yii/framework/web/CWebApplication.php(141): CWebApplication->runController('site/pncs')
#11 /home/misha/projects/toyota/vendor/yiisoft/yii/framework/base/CApplication.php(180): CWebApplication->processRequest()
#12 /home/misha/projects/toyota/public/index.php(13): CApplication->run()
#13 {main}
REQUEST_URI=/index.php/site/pncs?catalog=EU&cd=B2&catalogCode=671440&modelName=4-RUNNER+TRUCK&modelCode=LN51L-KRA&groupNumber=1&partGroup=0901&page=1
HTTP_REFERER=http://toyota.dev/index.php/site/subgroups?catalog=EU&cd=B2&catalogCode=671440&modelName=4-RUNNER+TRUCK&modelCode=LN51L-KRA&groupNumber=1
---
2014/11/25 11:11:15 [error] [exception.CHttpException.404] exception 'CHttpException' with message 'Unable to resolve the request "favicon.ico".' in /home/misha/projects/toyota/vendor/yiisoft/yii/framework/web/CWebApplication.php:286
Stack trace:
#0 /home/misha/projects/toyota/vendor/yiisoft/yii/framework/web/CWebApplication.php(141): CWebApplication->runController('favicon.ico')
#1 /home/misha/projects/toyota/vendor/yiisoft/yii/framework/base/CApplication.php(180): CWebApplication->processRequest()
#2 /home/misha/projects/toyota/public/index.php(13): CApplication->run()
#3 {main}
REQUEST_URI=/favicon.ico
---
2014/11/25 11:11:15 [error] [exception.CHttpException.404] exception 'CHttpException' with message 'Unable to resolve the request "favicon.ico".' in /home/misha/projects/toyota/vendor/yiisoft/yii/framework/web/CWebApplication.php:286
Stack trace:
#0 /home/misha/projects/toyota/vendor/yiisoft/yii/framework/web/CWebApplication.php(141): CWebApplication->runController('favicon.ico')
#1 /home/misha/projects/toyota/vendor/yiisoft/yii/framework/base/CApplication.php(180): CWebApplication->processRequest()
#2 /home/misha/projects/toyota/public/index.php(13): CApplication->run()
#3 {main}
REQUEST_URI=/favicon.ico
---
2014/11/25 11:14:05 [error] [exception.CDbException] exception 'CDbException' with message 'CDbConnection.connectionString cannot be empty.' in /home/misha/projects/toyota/vendor/yiisoft/yii/framework/db/CDbConnection.php:370
Stack trace:
#0 /home/misha/projects/toyota/vendor/yiisoft/yii/framework/db/CDbConnection.php(330): CDbConnection->open()
#1 /home/misha/projects/toyota/vendor/yiisoft/yii/framework/db/CDbConnection.php(308): CDbConnection->setActive(true)
#2 /home/misha/projects/toyota/vendor/yiisoft/yii/framework/base/CModule.php(387): CDbConnection->init()
#3 /home/misha/projects/toyota/vendor/yiisoft/yii/framework/base/CApplication.php(450): CModule->getComponent('db')
#4 /home/misha/projects/toyota/vendor/yiisoft/yii/framework/db/ar/CActiveRecord.php(634): CApplication->getDb()
#5 /home/misha/projects/toyota/vendor/yiisoft/yii/framework/db/ar/CActiveRecord.php(2361): CActiveRecord->getDbConnection()
#6 /home/misha/projects/toyota/vendor/yiisoft/yii/framework/db/ar/CActiveRecord.php(411): CActiveRecordMetaData->__construct(Object(ModelCodes))
#7 /home/misha/projects/toyota/vendor/yiisoft/yii/framework/db/ar/CActiveRecord.php(79): CActiveRecord->getMetaData()
#8 /home/misha/projects/toyota/public/protected/controllers/SiteController.php(48): CActiveRecord->__construct()
#9 [internal function]: SiteController->actionModelCodes('EU', 'B1', '281550', 'CAMRY          ...')
#10 /home/misha/projects/toyota/vendor/yiisoft/yii/framework/web/actions/CAction.php(108): ReflectionMethod->invokeArgs(Object(SiteController), Array)
#11 /home/misha/projects/toyota/vendor/yiisoft/yii/framework/web/actions/CInlineAction.php(47): CAction->runWithParamsInternal(Object(SiteController), Object(ReflectionMethod), Array)
#12 /home/misha/projects/toyota/vendor/yiisoft/yii/framework/web/CController.php(308): CInlineAction->runWithParams(Array)
#13 /home/misha/projects/toyota/vendor/yiisoft/yii/framework/web/CController.php(286): CController->runAction(Object(CInlineAction))
#14 /home/misha/projects/toyota/vendor/yiisoft/yii/framework/web/CController.php(265): CController->runActionWithFilters(Object(CInlineAction), Array)
#15 /home/misha/projects/toyota/vendor/yiisoft/yii/framework/web/CWebApplication.php(282): CController->run('modelcodes')
#16 /home/misha/projects/toyota/vendor/yiisoft/yii/framework/web/CWebApplication.php(141): CWebApplication->runController('site/modelcodes')
#17 /home/misha/projects/toyota/vendor/yiisoft/yii/framework/base/CApplication.php(180): CWebApplication->processRequest()
#18 /home/misha/projects/toyota/public/index.php(13): CApplication->run()
#19 {main}
REQUEST_URI=/index.php/site/modelcodes?catalog=EU&cd=B1&catalogCode=281550&modelName=CAMRY++++++++++%28SED%29
HTTP_REFERER=http://toyota.dev/index.php/site/groups?catalog=EU&cd=B1&catalogCode=281550&modelName=CAMRY++++++++++%28SED%29&modelCode=SXV10R-AEMNKW
---
